<?xml version="1.0" encoding="UTF-8"?>
<testng-results ignored="0" total="1" passed="1" failed="0" skipped="0">
  <reporter-output>
  </reporter-output>
  <suite started-at="2023-05-23T21:55:27 BDT" name="Default suite" finished-at="2023-05-23T21:55:47 BDT" duration-ms="19505">
    <groups>
    </groups>
    <test started-at="2023-05-23T21:55:27 BDT" name="Default test" finished-at="2023-05-23T21:55:47 BDT" duration-ms="19505">
      <class name="testCases.TC0004checkbocAndRadioButon">
        <test-method is-config="true" signature="setup()[pri:0, instance:testCases.TC0004checkbocAndRadioButon@35841320]" started-at="2023-05-23T21:55:22 BDT" name="setup" finished-at="2023-05-23T21:55:27 BDT" duration-ms="5094" status="PASS">
          <reporter-output>
          </reporter-output>
        </test-method> <!-- setup -->
        <test-method signature="CheckBoxAndRadioButtonInFrame()[pri:0, instance:testCases.TC0004checkbocAndRadioButon@35841320]" started-at="2023-05-23T21:55:27 BDT" name="CheckBoxAndRadioButtonInFrame" finished-at="2023-05-23T21:55:47 BDT" duration-ms="19340" status="PASS">
          <reporter-output>
          </reporter-output>
        </test-method> <!-- CheckBoxAndRadioButtonInFrame -->
        <test-method is-config="true" signature="tearDown()[pri:0, instance:testCases.TC0004checkbocAndRadioButon@35841320]" started-at="2023-05-23T21:55:47 BDT" name="tearDown" finished-at="2023-05-23T21:55:47 BDT" duration-ms="94" status="PASS">
          <reporter-output>
          </reporter-output>
        </test-method> <!-- tearDown -->
      </class> <!-- testCases.TC0004checkbocAndRadioButon -->
    </test> <!-- Default test -->
  </suite> <!-- Default suite -->
</testng-results>
